<?xml version="1.0" encoding="UTF-8"?>
<testsuite xmlns:xsi="http://www.w3.org/2001/XMLSchema-instance" xsi:noNamespaceSchemaLocation="https://maven.apache.org/surefire/maven-surefire-plugin/xsd/surefire-test-report.xsd" name="com.example.ApiGateway.ApiGatewayApplicationTests" time="6.638" tests="1" errors="0" skipped="0" failures="0">
  <properties>
    <property name="java.specification.version" value="17"/>
    <property name="sun.cpu.isalist" value="amd64"/>
    <property name="sun.jnu.encoding" value="Cp1252"/>
    <property name="java.class.path" value="D:\projecten\semester6individueel\ApiGateway\target\test-classes;D:\projecten\semester6individueel\ApiGateway\target\classes;C:\Users\mitch\.m2\repository\org\springframework\cloud\spring-cloud-starter-gateway\3.0.4\spring-cloud-starter-gateway-3.0.4.jar;C:\Users\mitch\.m2\repository\org\springframework\cloud\spring-cloud-starter\3.0.4\spring-cloud-starter-3.0.4.jar;C:\Users\mitch\.m2\repository\org\springframework\cloud\spring-cloud-context\3.0.4\spring-cloud-context-3.0.4.jar;C:\Users\mitch\.m2\repository\org\springframework\security\spring-security-crypto\5.5.2\spring-security-crypto-5.5.2.jar;C:\Users\mitch\.m2\repository\org\springframework\cloud\spring-cloud-commons\3.0.4\spring-cloud-commons-3.0.4.jar;C:\Users\mitch\.m2\repository\org\springframework\security\spring-security-rsa\1.0.10.RELEASE\spring-security-rsa-1.0.10.RELEASE.jar;C:\Users\mitch\.m2\repository\org\bouncycastle\bcpkix-jdk15on\1.68\bcpkix-jdk15on-1.68.jar;C:\Users\mitch\.m2\repository\org\bouncycastle\bcprov-jdk15on\1.68\bcprov-jdk15on-1.68.jar;C:\Users\mitch\.m2\repository\org\springframework\cloud\spring-cloud-gateway-server\3.0.4\spring-cloud-gateway-server-3.0.4.jar;C:\Users\mitch\.m2\repository\org\springframework\boot\spring-boot-starter-validation\2.5.5\spring-boot-starter-validation-2.5.5.jar;C:\Users\mitch\.m2\repository\org\apache\tomcat\embed\tomcat-embed-el\9.0.53\tomcat-embed-el-9.0.53.jar;C:\Users\mitch\.m2\repository\org\hibernate\validator\hibernate-validator\6.2.0.Final\hibernate-validator-6.2.0.Final.jar;C:\Users\mitch\.m2\repository\jakarta\validation\jakarta.validation-api\2.0.2\jakarta.validation-api-2.0.2.jar;C:\Users\mitch\.m2\repository\org\jboss\logging\jboss-logging\3.4.2.Final\jboss-logging-3.4.2.Final.jar;C:\Users\mitch\.m2\repository\com\fasterxml\classmate\1.5.1\classmate-1.5.1.jar;C:\Users\mitch\.m2\repository\io\projectreactor\addons\reactor-extra\3.4.5\reactor-extra-3.4.5.jar;C:\Users\mitch\.m2\repository\io\projectreactor\reactor-core\3.4.10\reactor-core-3.4.10.jar;C:\Users\mitch\.m2\repository\org\reactivestreams\reactive-streams\1.0.3\reactive-streams-1.0.3.jar;C:\Users\mitch\.m2\repository\org\springframework\boot\spring-boot-starter-webflux\2.5.5\spring-boot-starter-webflux-2.5.5.jar;C:\Users\mitch\.m2\repository\org\springframework\boot\spring-boot-starter-json\2.5.5\spring-boot-starter-json-2.5.5.jar;C:\Users\mitch\.m2\repository\com\fasterxml\jackson\core\jackson-databind\2.12.5\jackson-databind-2.12.5.jar;C:\Users\mitch\.m2\repository\com\fasterxml\jackson\core\jackson-annotations\2.12.5\jackson-annotations-2.12.5.jar;C:\Users\mitch\.m2\repository\com\fasterxml\jackson\core\jackson-core\2.12.5\jackson-core-2.12.5.jar;C:\Users\mitch\.m2\repository\com\fasterxml\jackson\datatype\jackson-datatype-jdk8\2.12.5\jackson-datatype-jdk8-2.12.5.jar;C:\Users\mitch\.m2\repository\com\fasterxml\jackson\datatype\jackson-datatype-jsr310\2.12.5\jackson-datatype-jsr310-2.12.5.jar;C:\Users\mitch\.m2\repository\com\fasterxml\jackson\module\jackson-module-parameter-names\2.12.5\jackson-module-parameter-names-2.12.5.jar;C:\Users\mitch\.m2\repository\org\springframework\boot\spring-boot-starter-reactor-netty\2.5.5\spring-boot-starter-reactor-netty-2.5.5.jar;C:\Users\mitch\.m2\repository\io\projectreactor\netty\reactor-netty-http\1.0.11\reactor-netty-http-1.0.11.jar;C:\Users\mitch\.m2\repository\io\netty\netty-codec-http\4.1.68.Final\netty-codec-http-4.1.68.Final.jar;C:\Users\mitch\.m2\repository\io\netty\netty-common\4.1.68.Final\netty-common-4.1.68.Final.jar;C:\Users\mitch\.m2\repository\io\netty\netty-buffer\4.1.68.Final\netty-buffer-4.1.68.Final.jar;C:\Users\mitch\.m2\repository\io\netty\netty-transport\4.1.68.Final\netty-transport-4.1.68.Final.jar;C:\Users\mitch\.m2\repository\io\netty\netty-codec\4.1.68.Final\netty-codec-4.1.68.Final.jar;C:\Users\mitch\.m2\repository\io\netty\netty-handler\4.1.68.Final\netty-handler-4.1.68.Final.jar;C:\Users\mitch\.m2\repository\io\netty\netty-codec-http2\4.1.68.Final\netty-codec-http2-4.1.68.Final.jar;C:\Users\mitch\.m2\repository\io\netty\netty-resolver-dns\4.1.68.Final\netty-resolver-dns-4.1.68.Final.jar;C:\Users\mitch\.m2\repository\io\netty\netty-resolver\4.1.68.Final\netty-resolver-4.1.68.Final.jar;C:\Users\mitch\.m2\repository\io\netty\netty-codec-dns\4.1.68.Final\netty-codec-dns-4.1.68.Final.jar;C:\Users\mitch\.m2\repository\io\netty\netty-resolver-dns-native-macos\4.1.68.Final\netty-resolver-dns-native-macos-4.1.68.Final-osx-x86_64.jar;C:\Users\mitch\.m2\repository\io\netty\netty-transport-native-unix-common\4.1.68.Final\netty-transport-native-unix-common-4.1.68.Final.jar;C:\Users\mitch\.m2\repository\io\netty\netty-transport-native-epoll\4.1.68.Final\netty-transport-native-epoll-4.1.68.Final-linux-x86_64.jar;C:\Users\mitch\.m2\repository\io\projectreactor\netty\reactor-netty-core\1.0.11\reactor-netty-core-1.0.11.jar;C:\Users\mitch\.m2\repository\io\netty\netty-handler-proxy\4.1.68.Final\netty-handler-proxy-4.1.68.Final.jar;C:\Users\mitch\.m2\repository\io\netty\netty-codec-socks\4.1.68.Final\netty-codec-socks-4.1.68.Final.jar;C:\Users\mitch\.m2\repository\org\springframework\spring-web\5.3.10\spring-web-5.3.10.jar;C:\Users\mitch\.m2\repository\org\springframework\spring-beans\5.3.10\spring-beans-5.3.10.jar;C:\Users\mitch\.m2\repository\org\springframework\spring-webflux\5.3.10\spring-webflux-5.3.10.jar;C:\Users\mitch\.m2\repository\org\springframework\boot\spring-boot-starter-test\2.5.5\spring-boot-starter-test-2.5.5.jar;C:\Users\mitch\.m2\repository\org\springframework\boot\spring-boot-starter\2.5.5\spring-boot-starter-2.5.5.jar;C:\Users\mitch\.m2\repository\org\springframework\boot\spring-boot\2.5.5\spring-boot-2.5.5.jar;C:\Users\mitch\.m2\repository\org\springframework\spring-context\5.3.10\spring-context-5.3.10.jar;C:\Users\mitch\.m2\repository\org\springframework\spring-aop\5.3.10\spring-aop-5.3.10.jar;C:\Users\mitch\.m2\repository\org\springframework\spring-expression\5.3.10\spring-expression-5.3.10.jar;C:\Users\mitch\.m2\repository\org\springframework\boot\spring-boot-autoconfigure\2.5.5\spring-boot-autoconfigure-2.5.5.jar;C:\Users\mitch\.m2\repository\org\springframework\boot\spring-boot-starter-logging\2.5.5\spring-boot-starter-logging-2.5.5.jar;C:\Users\mitch\.m2\repository\ch\qos\logback\logback-classic\1.2.6\logback-classic-1.2.6.jar;C:\Users\mitch\.m2\repository\ch\qos\logback\logback-core\1.2.6\logback-core-1.2.6.jar;C:\Users\mitch\.m2\repository\org\apache\logging\log4j\log4j-to-slf4j\2.14.1\log4j-to-slf4j-2.14.1.jar;C:\Users\mitch\.m2\repository\org\apache\logging\log4j\log4j-api\2.14.1\log4j-api-2.14.1.jar;C:\Users\mitch\.m2\repository\org\slf4j\jul-to-slf4j\1.7.32\jul-to-slf4j-1.7.32.jar;C:\Users\mitch\.m2\repository\jakarta\annotation\jakarta.annotation-api\1.3.5\jakarta.annotation-api-1.3.5.jar;C:\Users\mitch\.m2\repository\org\yaml\snakeyaml\1.28\snakeyaml-1.28.jar;C:\Users\mitch\.m2\repository\org\springframework\boot\spring-boot-test\2.5.5\spring-boot-test-2.5.5.jar;C:\Users\mitch\.m2\repository\org\springframework\boot\spring-boot-test-autoconfigure\2.5.5\spring-boot-test-autoconfigure-2.5.5.jar;C:\Users\mitch\.m2\repository\com\jayway\jsonpath\json-path\2.5.0\json-path-2.5.0.jar;C:\Users\mitch\.m2\repository\net\minidev\json-smart\2.4.7\json-smart-2.4.7.jar;C:\Users\mitch\.m2\repository\net\minidev\accessors-smart\2.4.7\accessors-smart-2.4.7.jar;C:\Users\mitch\.m2\repository\org\ow2\asm\asm\9.1\asm-9.1.jar;C:\Users\mitch\.m2\repository\org\slf4j\slf4j-api\1.7.32\slf4j-api-1.7.32.jar;C:\Users\mitch\.m2\repository\jakarta\xml\bind\jakarta.xml.bind-api\2.3.3\jakarta.xml.bind-api-2.3.3.jar;C:\Users\mitch\.m2\repository\jakarta\activation\jakarta.activation-api\1.2.2\jakarta.activation-api-1.2.2.jar;C:\Users\mitch\.m2\repository\org\assertj\assertj-core\3.19.0\assertj-core-3.19.0.jar;C:\Users\mitch\.m2\repository\org\hamcrest\hamcrest\2.2\hamcrest-2.2.jar;C:\Users\mitch\.m2\repository\org\junit\jupiter\junit-jupiter\5.7.2\junit-jupiter-5.7.2.jar;C:\Users\mitch\.m2\repository\org\junit\jupiter\junit-jupiter-api\5.7.2\junit-jupiter-api-5.7.2.jar;C:\Users\mitch\.m2\repository\org\apiguardian\apiguardian-api\1.1.0\apiguardian-api-1.1.0.jar;C:\Users\mitch\.m2\repository\org\opentest4j\opentest4j\1.2.0\opentest4j-1.2.0.jar;C:\Users\mitch\.m2\repository\org\junit\platform\junit-platform-commons\1.7.2\junit-platform-commons-1.7.2.jar;C:\Users\mitch\.m2\repository\org\junit\jupiter\junit-jupiter-params\5.7.2\junit-jupiter-params-5.7.2.jar;C:\Users\mitch\.m2\repository\org\junit\jupiter\junit-jupiter-engine\5.7.2\junit-jupiter-engine-5.7.2.jar;C:\Users\mitch\.m2\repository\org\junit\platform\junit-platform-engine\1.7.2\junit-platform-engine-1.7.2.jar;C:\Users\mitch\.m2\repository\org\mockito\mockito-core\3.9.0\mockito-core-3.9.0.jar;C:\Users\mitch\.m2\repository\net\bytebuddy\byte-buddy\1.10.22\byte-buddy-1.10.22.jar;C:\Users\mitch\.m2\repository\net\bytebuddy\byte-buddy-agent\1.10.22\byte-buddy-agent-1.10.22.jar;C:\Users\mitch\.m2\repository\org\objenesis\objenesis\3.2\objenesis-3.2.jar;C:\Users\mitch\.m2\repository\org\mockito\mockito-junit-jupiter\3.9.0\mockito-junit-jupiter-3.9.0.jar;C:\Users\mitch\.m2\repository\org\skyscreamer\jsonassert\1.5.0\jsonassert-1.5.0.jar;C:\Users\mitch\.m2\repository\com\vaadin\external\google\android-json\0.0.20131108.vaadin1\android-json-0.0.20131108.vaadin1.jar;C:\Users\mitch\.m2\repository\org\springframework\spring-core\5.3.10\spring-core-5.3.10.jar;C:\Users\mitch\.m2\repository\org\springframework\spring-jcl\5.3.10\spring-jcl-5.3.10.jar;C:\Users\mitch\.m2\repository\org\springframework\spring-test\5.3.10\spring-test-5.3.10.jar;C:\Users\mitch\.m2\repository\org\xmlunit\xmlunit-core\2.8.2\xmlunit-core-2.8.2.jar;"/>
    <property name="java.vm.vendor" value="Amazon.com Inc."/>
    <property name="sun.arch.data.model" value="64"/>
    <property name="user.variant" value=""/>
    <property name="java.vendor.url" value="https://aws.amazon.com/corretto/"/>
    <property name="user.timezone" value="Europe/Amsterdam"/>
    <property name="os.name" value="Windows 11"/>
    <property name="java.vm.specification.version" value="17"/>
    <property name="sun.java.launcher" value="SUN_STANDARD"/>
    <property name="user.country" value="NL"/>
    <property name="sun.boot.library.path" value="C:\Users\mitch\.jdks\corretto-17.0.8.1\bin"/>
    <property name="sun.java.command" value="C:\Users\mitch\AppData\Local\Temp\surefire6973915624264068909\surefirebooter10215307200979792133.jar C:\Users\mitch\AppData\Local\Temp\surefire6973915624264068909 2023-10-19T17-54-27_557-jvmRun1 surefire299952089067532047tmp surefire_018251146857799777165tmp"/>
    <property name="jdk.debug" value="release"/>
    <property name="surefire.test.class.path" value="D:\projecten\semester6individueel\ApiGateway\target\test-classes;D:\projecten\semester6individueel\ApiGateway\target\classes;C:\Users\mitch\.m2\repository\org\springframework\cloud\spring-cloud-starter-gateway\3.0.4\spring-cloud-starter-gateway-3.0.4.jar;C:\Users\mitch\.m2\repository\org\springframework\cloud\spring-cloud-starter\3.0.4\spring-cloud-starter-3.0.4.jar;C:\Users\mitch\.m2\repository\org\springframework\cloud\spring-cloud-context\3.0.4\spring-cloud-context-3.0.4.jar;C:\Users\mitch\.m2\repository\org\springframework\security\spring-security-crypto\5.5.2\spring-security-crypto-5.5.2.jar;C:\Users\mitch\.m2\repository\org\springframework\cloud\spring-cloud-commons\3.0.4\spring-cloud-commons-3.0.4.jar;C:\Users\mitch\.m2\repository\org\springframework\security\spring-security-rsa\1.0.10.RELEASE\spring-security-rsa-1.0.10.RELEASE.jar;C:\Users\mitch\.m2\repository\org\bouncycastle\bcpkix-jdk15on\1.68\bcpkix-jdk15on-1.68.jar;C:\Users\mitch\.m2\repository\org\bouncycastle\bcprov-jdk15on\1.68\bcprov-jdk15on-1.68.jar;C:\Users\mitch\.m2\repository\org\springframework\cloud\spring-cloud-gateway-server\3.0.4\spring-cloud-gateway-server-3.0.4.jar;C:\Users\mitch\.m2\repository\org\springframework\boot\spring-boot-starter-validation\2.5.5\spring-boot-starter-validation-2.5.5.jar;C:\Users\mitch\.m2\repository\org\apache\tomcat\embed\tomcat-embed-el\9.0.53\tomcat-embed-el-9.0.53.jar;C:\Users\mitch\.m2\repository\org\hibernate\validator\hibernate-validator\6.2.0.Final\hibernate-validator-6.2.0.Final.jar;C:\Users\mitch\.m2\repository\jakarta\validation\jakarta.validation-api\2.0.2\jakarta.validation-api-2.0.2.jar;C:\Users\mitch\.m2\repository\org\jboss\logging\jboss-logging\3.4.2.Final\jboss-logging-3.4.2.Final.jar;C:\Users\mitch\.m2\repository\com\fasterxml\classmate\1.5.1\classmate-1.5.1.jar;C:\Users\mitch\.m2\repository\io\projectreactor\addons\reactor-extra\3.4.5\reactor-extra-3.4.5.jar;C:\Users\mitch\.m2\repository\io\projectreactor\reactor-core\3.4.10\reactor-core-3.4.10.jar;C:\Users\mitch\.m2\repository\org\reactivestreams\reactive-streams\1.0.3\reactive-streams-1.0.3.jar;C:\Users\mitch\.m2\repository\org\springframework\boot\spring-boot-starter-webflux\2.5.5\spring-boot-starter-webflux-2.5.5.jar;C:\Users\mitch\.m2\repository\org\springframework\boot\spring-boot-starter-json\2.5.5\spring-boot-starter-json-2.5.5.jar;C:\Users\mitch\.m2\repository\com\fasterxml\jackson\core\jackson-databind\2.12.5\jackson-databind-2.12.5.jar;C:\Users\mitch\.m2\repository\com\fasterxml\jackson\core\jackson-annotations\2.12.5\jackson-annotations-2.12.5.jar;C:\Users\mitch\.m2\repository\com\fasterxml\jackson\core\jackson-core\2.12.5\jackson-core-2.12.5.jar;C:\Users\mitch\.m2\repository\com\fasterxml\jackson\datatype\jackson-datatype-jdk8\2.12.5\jackson-datatype-jdk8-2.12.5.jar;C:\Users\mitch\.m2\repository\com\fasterxml\jackson\datatype\jackson-datatype-jsr310\2.12.5\jackson-datatype-jsr310-2.12.5.jar;C:\Users\mitch\.m2\repository\com\fasterxml\jackson\module\jackson-module-parameter-names\2.12.5\jackson-module-parameter-names-2.12.5.jar;C:\Users\mitch\.m2\repository\org\springframework\boot\spring-boot-starter-reactor-netty\2.5.5\spring-boot-starter-reactor-netty-2.5.5.jar;C:\Users\mitch\.m2\repository\io\projectreactor\netty\reactor-netty-http\1.0.11\reactor-netty-http-1.0.11.jar;C:\Users\mitch\.m2\repository\io\netty\netty-codec-http\4.1.68.Final\netty-codec-http-4.1.68.Final.jar;C:\Users\mitch\.m2\repository\io\netty\netty-common\4.1.68.Final\netty-common-4.1.68.Final.jar;C:\Users\mitch\.m2\repository\io\netty\netty-buffer\4.1.68.Final\netty-buffer-4.1.68.Final.jar;C:\Users\mitch\.m2\repository\io\netty\netty-transport\4.1.68.Final\netty-transport-4.1.68.Final.jar;C:\Users\mitch\.m2\repository\io\netty\netty-codec\4.1.68.Final\netty-codec-4.1.68.Final.jar;C:\Users\mitch\.m2\repository\io\netty\netty-handler\4.1.68.Final\netty-handler-4.1.68.Final.jar;C:\Users\mitch\.m2\repository\io\netty\netty-codec-http2\4.1.68.Final\netty-codec-http2-4.1.68.Final.jar;C:\Users\mitch\.m2\repository\io\netty\netty-resolver-dns\4.1.68.Final\netty-resolver-dns-4.1.68.Final.jar;C:\Users\mitch\.m2\repository\io\netty\netty-resolver\4.1.68.Final\netty-resolver-4.1.68.Final.jar;C:\Users\mitch\.m2\repository\io\netty\netty-codec-dns\4.1.68.Final\netty-codec-dns-4.1.68.Final.jar;C:\Users\mitch\.m2\repository\io\netty\netty-resolver-dns-native-macos\4.1.68.Final\netty-resolver-dns-native-macos-4.1.68.Final-osx-x86_64.jar;C:\Users\mitch\.m2\repository\io\netty\netty-transport-native-unix-common\4.1.68.Final\netty-transport-native-unix-common-4.1.68.Final.jar;C:\Users\mitch\.m2\repository\io\netty\netty-transport-native-epoll\4.1.68.Final\netty-transport-native-epoll-4.1.68.Final-linux-x86_64.jar;C:\Users\mitch\.m2\repository\io\projectreactor\netty\reactor-netty-core\1.0.11\reactor-netty-core-1.0.11.jar;C:\Users\mitch\.m2\repository\io\netty\netty-handler-proxy\4.1.68.Final\netty-handler-proxy-4.1.68.Final.jar;C:\Users\mitch\.m2\repository\io\netty\netty-codec-socks\4.1.68.Final\netty-codec-socks-4.1.68.Final.jar;C:\Users\mitch\.m2\repository\org\springframework\spring-web\5.3.10\spring-web-5.3.10.jar;C:\Users\mitch\.m2\repository\org\springframework\spring-beans\5.3.10\spring-beans-5.3.10.jar;C:\Users\mitch\.m2\repository\org\springframework\spring-webflux\5.3.10\spring-webflux-5.3.10.jar;C:\Users\mitch\.m2\repository\org\springframework\boot\spring-boot-starter-test\2.5.5\spring-boot-starter-test-2.5.5.jar;C:\Users\mitch\.m2\repository\org\springframework\boot\spring-boot-starter\2.5.5\spring-boot-starter-2.5.5.jar;C:\Users\mitch\.m2\repository\org\springframework\boot\spring-boot\2.5.5\spring-boot-2.5.5.jar;C:\Users\mitch\.m2\repository\org\springframework\spring-context\5.3.10\spring-context-5.3.10.jar;C:\Users\mitch\.m2\repository\org\springframework\spring-aop\5.3.10\spring-aop-5.3.10.jar;C:\Users\mitch\.m2\repository\org\springframework\spring-expression\5.3.10\spring-expression-5.3.10.jar;C:\Users\mitch\.m2\repository\org\springframework\boot\spring-boot-autoconfigure\2.5.5\spring-boot-autoconfigure-2.5.5.jar;C:\Users\mitch\.m2\repository\org\springframework\boot\spring-boot-starter-logging\2.5.5\spring-boot-starter-logging-2.5.5.jar;C:\Users\mitch\.m2\repository\ch\qos\logback\logback-classic\1.2.6\logback-classic-1.2.6.jar;C:\Users\mitch\.m2\repository\ch\qos\logback\logback-core\1.2.6\logback-core-1.2.6.jar;C:\Users\mitch\.m2\repository\org\apache\logging\log4j\log4j-to-slf4j\2.14.1\log4j-to-slf4j-2.14.1.jar;C:\Users\mitch\.m2\repository\org\apache\logging\log4j\log4j-api\2.14.1\log4j-api-2.14.1.jar;C:\Users\mitch\.m2\repository\org\slf4j\jul-to-slf4j\1.7.32\jul-to-slf4j-1.7.32.jar;C:\Users\mitch\.m2\repository\jakarta\annotation\jakarta.annotation-api\1.3.5\jakarta.annotation-api-1.3.5.jar;C:\Users\mitch\.m2\repository\org\yaml\snakeyaml\1.28\snakeyaml-1.28.jar;C:\Users\mitch\.m2\repository\org\springframework\boot\spring-boot-test\2.5.5\spring-boot-test-2.5.5.jar;C:\Users\mitch\.m2\repository\org\springframework\boot\spring-boot-test-autoconfigure\2.5.5\spring-boot-test-autoconfigure-2.5.5.jar;C:\Users\mitch\.m2\repository\com\jayway\jsonpath\json-path\2.5.0\json-path-2.5.0.jar;C:\Users\mitch\.m2\repository\net\minidev\json-smart\2.4.7\json-smart-2.4.7.jar;C:\Users\mitch\.m2\repository\net\minidev\accessors-smart\2.4.7\accessors-smart-2.4.7.jar;C:\Users\mitch\.m2\repository\org\ow2\asm\asm\9.1\asm-9.1.jar;C:\Users\mitch\.m2\repository\org\slf4j\slf4j-api\1.7.32\slf4j-api-1.7.32.jar;C:\Users\mitch\.m2\repository\jakarta\xml\bind\jakarta.xml.bind-api\2.3.3\jakarta.xml.bind-api-2.3.3.jar;C:\Users\mitch\.m2\repository\jakarta\activation\jakarta.activation-api\1.2.2\jakarta.activation-api-1.2.2.jar;C:\Users\mitch\.m2\repository\org\assertj\assertj-core\3.19.0\assertj-core-3.19.0.jar;C:\Users\mitch\.m2\repository\org\hamcrest\hamcrest\2.2\hamcrest-2.2.jar;C:\Users\mitch\.m2\repository\org\junit\jupiter\junit-jupiter\5.7.2\junit-jupiter-5.7.2.jar;C:\Users\mitch\.m2\repository\org\junit\jupiter\junit-jupiter-api\5.7.2\junit-jupiter-api-5.7.2.jar;C:\Users\mitch\.m2\repository\org\apiguardian\apiguardian-api\1.1.0\apiguardian-api-1.1.0.jar;C:\Users\mitch\.m2\repository\org\opentest4j\opentest4j\1.2.0\opentest4j-1.2.0.jar;C:\Users\mitch\.m2\repository\org\junit\platform\junit-platform-commons\1.7.2\junit-platform-commons-1.7.2.jar;C:\Users\mitch\.m2\repository\org\junit\jupiter\junit-jupiter-params\5.7.2\junit-jupiter-params-5.7.2.jar;C:\Users\mitch\.m2\repository\org\junit\jupiter\junit-jupiter-engine\5.7.2\junit-jupiter-engine-5.7.2.jar;C:\Users\mitch\.m2\repository\org\junit\platform\junit-platform-engine\1.7.2\junit-platform-engine-1.7.2.jar;C:\Users\mitch\.m2\repository\org\mockito\mockito-core\3.9.0\mockito-core-3.9.0.jar;C:\Users\mitch\.m2\repository\net\bytebuddy\byte-buddy\1.10.22\byte-buddy-1.10.22.jar;C:\Users\mitch\.m2\repository\net\bytebuddy\byte-buddy-agent\1.10.22\byte-buddy-agent-1.10.22.jar;C:\Users\mitch\.m2\repository\org\objenesis\objenesis\3.2\objenesis-3.2.jar;C:\Users\mitch\.m2\repository\org\mockito\mockito-junit-jupiter\3.9.0\mockito-junit-jupiter-3.9.0.jar;C:\Users\mitch\.m2\repository\org\skyscreamer\jsonassert\1.5.0\jsonassert-1.5.0.jar;C:\Users\mitch\.m2\repository\com\vaadin\external\google\android-json\0.0.20131108.vaadin1\android-json-0.0.20131108.vaadin1.jar;C:\Users\mitch\.m2\repository\org\springframework\spring-core\5.3.10\spring-core-5.3.10.jar;C:\Users\mitch\.m2\repository\org\springframework\spring-jcl\5.3.10\spring-jcl-5.3.10.jar;C:\Users\mitch\.m2\repository\org\springframework\spring-test\5.3.10\spring-test-5.3.10.jar;C:\Users\mitch\.m2\repository\org\xmlunit\xmlunit-core\2.8.2\xmlunit-core-2.8.2.jar;"/>
    <property name="sun.cpu.endian" value="little"/>
    <property name="user.home" value="C:\Users\mitch"/>
    <property name="user.language" value="nl"/>
    <property name="java.specification.vendor" value="Oracle Corporation"/>
    <property name="java.version.date" value="2023-08-22"/>
    <property name="java.home" value="C:\Users\mitch\.jdks\corretto-17.0.8.1"/>
    <property name="file.separator" value="\"/>
    <property name="basedir" value="D:\projecten\semester6individueel\ApiGateway"/>
    <property name="java.vm.compressedOopsMode" value="Zero based"/>
    <property name="line.separator" value="&#10;"/>
    <property name="java.vm.specification.vendor" value="Oracle Corporation"/>
    <property name="java.specification.name" value="Java Platform API Specification"/>
    <property name="surefire.real.class.path" value="C:\Users\mitch\AppData\Local\Temp\surefire6973915624264068909\surefirebooter10215307200979792133.jar"/>
    <property name="user.script" value=""/>
    <property name="sun.management.compiler" value="HotSpot 64-Bit Tiered Compilers"/>
    <property name="java.runtime.version" value="17.0.8.1+8-LTS"/>
    <property name="user.name" value="mitch"/>
    <property name="path.separator" value=";"/>
    <property name="os.version" value="10.0"/>
    <property name="java.runtime.name" value="OpenJDK Runtime Environment"/>
    <property name="file.encoding" value="Cp1252"/>
    <property name="java.vm.name" value="OpenJDK 64-Bit Server VM"/>
    <property name="java.vendor.version" value="Corretto-17.0.8.8.1"/>
    <property name="localRepository" value="C:\Users\mitch\.m2\repository"/>
    <property name="java.vendor.url.bug" value="https://github.com/corretto/corretto-17/issues/"/>
    <property name="java.io.tmpdir" value="C:\Users\mitch\AppData\Local\Temp\"/>
    <property name="idea.version" value="2022.1.4"/>
    <property name="java.version" value="17.0.8.1"/>
    <property name="user.dir" value="D:\projecten\semester6individueel\ApiGateway"/>
    <property name="os.arch" value="amd64"/>
    <property name="java.vm.specification.name" value="Java Virtual Machine Specification"/>
    <property name="sun.os.patch.level" value=""/>
    <property name="native.encoding" value="Cp1252"/>
    <property name="java.library.path" value="C:\Users\mitch\.jdks\corretto-17.0.8.1\bin;C:\WINDOWS\Sun\Java\bin;C:\WINDOWS\system32;C:\WINDOWS;C:\Program Files\Microsoft\jdk-11.0.12.7-hotspot\bin;C:\Windows\system32;C:\Windows;C:\Windows\System32\Wbem;C:\Windows\System32\WindowsPowerShell\v1.0\;C:\Windows\System32\OpenSSH\;C:\Program Files (x86)\NVIDIA Corporation\PhysX\Common;C:\Program Files\NVIDIA Corporation\NVIDIA NvDLISR;C:\Program Files\Microsoft SQL Server\150\Tools\Binn\;C:\Program Files\Microsoft SQL Server\Client SDK\ODBC\170\Tools\Binn\;C:\Program Files\dotnet\;C:\WINDOWS\system32;C:\WINDOWS;C:\WINDOWS\System32\Wbem;C:\WINDOWS\System32\WindowsPowerShell\v1.0\;C:\WINDOWS\System32\OpenSSH\;C:\Program Files (x86)\Microsoft SQL Server\150\DTS\Binn\;C:\Program Files\Azure Data Studio\bin;D:\Program Files\nodejs\;C:\Program Files\Docker\Docker\resources\bin;D:\Program Files\Git\cmd;C:\Users\mitch\AppData\Local\Microsoft\WindowsApps;C:\Users\mitch\.dotnet\tools;D:\Users\mitch\AppData\Local\Programs\Microsoft VS Code\bin;C:\Program Files\Azure Data Studio\bin;C:\Users\mitch\AppData\Roaming\npm;C:\Users\mitch\AppData\Local\GitHubDesktop\bin;D:\Program Files (x86)\cmake-3.26.0-windows-x86_64\bin;;."/>
    <property name="java.vm.info" value="mixed mode, sharing"/>
    <property name="java.vendor" value="Amazon.com Inc."/>
    <property name="java.vm.version" value="17.0.8.1+8-LTS"/>
    <property name="sun.io.unicode.encoding" value="UnicodeLittle"/>
    <property name="java.class.version" value="61.0"/>
  </properties>
  <testcase name="contextLoads" classname="com.example.ApiGateway.ApiGatewayApplicationTests" time="0.388"/>
</testsuite>